<?xml version="1.0" encoding="UTF-8"?>
<!-- Generated by org.testng.reporters.JUnitReportReporter -->
<testsuite hostname="C40LAP-10041" failures="0" tests="2" name="com.test.Login" time="0.004" errors="0" timestamp="2022-09-30T18:53:39 IST" skipped="0">
  <testcase classname="com.test.Login" name="gettingTitle" time="0.002"/>
  <system-out/>
  <testcase classname="com.test.Login" name="geturl" time="0.002"/>
  <system-out/>
</testsuite> <!-- com.test.Login -->
