<?xml version="1.0" encoding="UTF-8"?>
<!-- Generated by org.testng.reporters.JUnitReportReporter -->
<testsuite hostname="C40LAP-10041" failures="0" tests="3" name="ExtractingDataFromExcelFile" time="0.996" errors="0" timestamp="2021-12-07T18:10:45 IST" skipped="0">
  <testcase classname="ExtractingDataFromExcelFile" name="get_string_celldata" time="0.060"/>
  <system-out/>
  <testcase classname="ExtractingDataFromExcelFile" name="find_no_of_cols" time="0.872"/>
  <system-out/>
  <testcase classname="ExtractingDataFromExcelFile" name="find_no_of_rows" time="0.064"/>
  <system-out/>
</testsuite> <!-- ExtractingDataFromExcelFile -->
