<?xml version="1.0" encoding="UTF-8"?>
<!-- Generated by org.testng.reporters.JUnitReportReporter -->
<testsuite hostname="C40LAP-10041" failures="0" tests="1" name="com.certificate.Ssl" time="5.046" errors="0" timestamp="2022-10-01T11:12:06 IST" skipped="0">
  <testcase classname="com.certificate.Ssl" name="ssl" time="5.046"/>
  <system-out/>
</testsuite> <!-- com.certificate.Ssl -->
