<?xml version="1.0" encoding="UTF-8"?>
<!-- Generated by org.testng.reporters.JUnitReportReporter -->
<testsuite hostname="C40LAP-10041" failures="0" tests="3" name="LoginClassForHrm" time="26.465" errors="0" timestamp="2021-12-08T20:03:38 IST" skipped="0">
  <testcase classname="LoginClassForHrm" name="login" time="8.426"/>
  <system-out/>
  <testcase classname="LoginClassForHrm" name="login" time="9.996"/>
  <system-out/>
  <testcase classname="LoginClassForHrm" name="login" time="8.043"/>
  <system-out/>
</testsuite> <!-- LoginClassForHrm -->
