<?xml version="1.0" encoding="UTF-8"?>
<!-- Generated by org.testng.reporters.JUnitReportReporter -->
<testsuite hostname="C40LAP-10041" failures="0" tests="3" name="ExecutionClass" time="23.131" errors="0" timestamp="2021-12-08T12:10:48 IST" skipped="0">
  <testcase classname="ExecutionClass" name="login" time="8.234"/>
  <system-out/>
  <testcase classname="ExecutionClass" name="login" time="5.539"/>
  <system-out/>
  <testcase classname="ExecutionClass" name="login" time="9.358"/>
  <system-out/>
</testsuite> <!-- ExecutionClass -->
