<?xml version="1.0" encoding="UTF-8"?>
<!-- Generated by org.testng.reporters.JUnitReportReporter -->
<testsuite hostname="C40LAP-10041" failures="0" tests="1" name="DataProviderClass" time="0.932" errors="0" timestamp="2021-12-08T12:50:57 IST" skipped="0">
  <testcase classname="DataProviderClass" name="getting_all_data_from_excel_via_for_loop" time="0.932"/>
  <system-out/>
</testsuite> <!-- DataProviderClass -->
