<?xml version="1.0" encoding="UTF-8"?>
<!-- Generated by org.testng.reporters.JUnitReportReporter -->
<testsuite hostname="C40LAP-10041" failures="0" tests="3" name="DataFromEx" time="0.933" errors="0" timestamp="2022-01-08T23:27:15 IST" skipped="0">
  <testcase classname="DataFromEx" name="nor" time="0.050"/>
  <system-out/>
  <testcase classname="DataFromEx" name="getStringcelldata" time="0.826"/>
  <system-out/>
  <testcase classname="DataFromEx" name="noc" time="0.057"/>
  <system-out/>
</testsuite> <!-- DataFromEx -->
