<?xml version="1.0" encoding="UTF-8"?>
<!-- Generated by org.testng.reporters.JUnitReportReporter -->
<testsuite hostname="C40LAP-10041" failures="0" tests="3" name="Loginhrm" time="71.685" errors="0" timestamp="2021-12-09T13:18:33 IST" skipped="0">
  <testcase classname="Loginhrm" name="login" time="44.490"/>
  <system-out/>
  <testcase classname="Loginhrm" name="login" time="6.660"/>
  <system-out/>
  <testcase classname="Loginhrm" name="login" time="20.535"/>
  <system-out/>
</testsuite> <!-- Loginhrm -->
