<?xml version="1.0" encoding="UTF-8"?>
<!-- Generated by org.testng.reporters.JUnitReportReporter -->
<testsuite hostname="C40LAP-10041" failures="0" tests="2" name="com.certificate.Tess" time="0.012" errors="0" timestamp="2022-10-03T00:59:43 IST" skipped="0">
  <testcase classname="com.certificate.Tess" name="sum" time="0.010"/>
  <system-out/>
  <testcase classname="com.certificate.Tess" name="sum" time="0.002"/>
  <system-out/>
</testsuite> <!-- com.certificate.Tess -->
