<?xml version="1.0" encoding="UTF-8"?>
<!-- Generated by org.testng.reporters.JUnitReportReporter -->
<testsuite hostname="C40LAP-10041" failures="0" tests="1" name="com.parallel.Extent" time="0.972" errors="0" timestamp="2022-10-03T23:36:54 IST" skipped="0">
  <testcase classname="com.parallel.Extent" name="reporting" time="0.972"/>
  <system-out/>
</testsuite> <!-- com.parallel.Extent -->
