<?xml version="1.0" encoding="UTF-8"?>
<!-- Generated by org.testng.reporters.JUnitReportReporter -->
<testsuite hostname="C40LAP-10041" failures="0" tests="3" name="Login" time="27.165" errors="0" timestamp="2021-12-08T20:40:53 IST" skipped="0">
  <testcase classname="Login" name="login" time="7.949"/>
  <system-out/>
  <testcase classname="Login" name="login" time="10.935"/>
  <system-out/>
  <testcase classname="Login" name="login" time="8.281"/>
  <system-out/>
</testsuite> <!-- Login -->
