<?xml version="1.0" encoding="UTF-8"?>
<!-- Generated by org.testng.reporters.JUnitReportReporter -->
<testsuite hostname="C40LAP-10041" failures="0" tests="2" name="com.certificate.FactoryandDPDifference" time="0.009" errors="0" timestamp="2022-10-01T23:37:36 IST" skipped="0">
  <testcase classname="com.certificate.FactoryandDPDifference" name="login" time="0.007"/>
  <system-out/>
  <testcase classname="com.certificate.FactoryandDPDifference" name="login" time="0.002"/>
  <system-out/>
</testsuite> <!-- com.certificate.FactoryandDPDifference -->
