<?xml version="1.0" encoding="UTF-8"?>
<!-- Generated by org.testng.reporters.JUnitReportReporter -->
<testsuite hostname="C40LAP-10041" failures="0" tests="4" name="com.parallel.TestClass2" time="0.004" errors="0" timestamp="2022-10-05T01:53:59 IST" skipped="0">
  <testcase classname="com.parallel.TestClass2" name="testMethod6" time="0.001"/>
  <system-out/>
  <testcase classname="com.parallel.TestClass2" name="testMethod5" time="0.001"/>
  <system-out/>
  <testcase classname="com.parallel.TestClass2" name="testMethod8" time="0.001"/>
  <system-out/>
  <testcase classname="com.parallel.TestClass2" name="testMethod7" time="0.001"/>
  <system-out/>
</testsuite> <!-- com.parallel.TestClass2 -->
